{
  "stats": {
    "suites": 1,
    "tests": 1,
    "passes": 0,
    "pending": 0,
    "failures": 1,
    "start": "2020-11-23T16:55:57.340Z",
    "end": "2020-11-23T16:56:42.845Z",
    "duration": 45505,
    "testsRegistered": 1,
    "passPercent": 0,
    "pendingPercent": 0,
    "other": 0,
    "hasOther": false,
    "skipped": 0,
    "hasSkipped": false
  },
  "results": [
    {
      "uuid": "191c7ba3-a1cf-41da-b80f-90bf8249ab0c",
      "title": "",
      "fullFile": "cypress\\integration\\NewProject\\newProject.spec.js",
      "file": "cypress\\integration\\NewProject\\newProject.spec.js",
      "beforeHooks": [],
      "afterHooks": [],
      "tests": [],
      "suites": [
        {
          "uuid": "038acf33-3cff-4dfc-bf18-472e23d1077f",
          "title": "NEW PROJECT Scripture Transcription Hierarchy",
          "fullFile": "",
          "file": "",
          "beforeHooks": [],
          "afterHooks": [],
          "tests": [
            {
              "title": "User login",
              "fullTitle": "NEW PROJECT Scripture Transcription Hierarchy User login",
              "timedOut": null,
              "duration": 41299,
              "state": "failed",
              "speed": null,
              "pass": false,
              "fail": true,
              "pending": false,
              "context": "{\n  \"title\": \"Screenshot\",\n  \"value\": \"../../../cypress/screenshots/NewProject\\\\newProject.spec.js/NEW PROJECT Scripture Transcription Hierarchy -- User login (failed).png\"\n}",
              "code": "",
              "err": {
                "message": "AssertionError: Timed out retrying: expected 'https://app-qa.siltranscriber.org/team' to include '/loading'",
                "estack": "AssertionError: Timed out retrying: expected 'https://app-qa.siltranscriber.org/team' to include '/loading'\n    at Context.eval (https://app-qa.siltranscriber.org/__cypress/tests?p=cypress\\integration\\NewProject\\newProject.spec.js:160:14)",
                "diff": null
              },
              "uuid": "bdf59fd7-a2be-4c0e-8212-e4fc16de7db9",
              "parentUUID": "038acf33-3cff-4dfc-bf18-472e23d1077f",
              "isHook": false,
              "skipped": false
            }
          ],
          "suites": [],
          "passes": [],
          "failures": [
            "bdf59fd7-a2be-4c0e-8212-e4fc16de7db9"
          ],
          "pending": [],
          "skipped": [],
          "duration": 41299,
          "root": false,
          "rootEmpty": false,
          "_timeout": 2000
        }
      ],
      "passes": [],
      "failures": [],
      "pending": [],
      "skipped": [],
      "duration": 0,
      "root": true,
      "rootEmpty": true,
      "_timeout": 2000
    }
  ],
  "meta": {
    "mocha": {
      "version": "7.0.1"
    },
    "mochawesome": {
      "options": {
        "quiet": false,
        "reportFilename": "mochawesome",
        "saveHtml": false,
        "saveJson": true,
        "consoleReporter": "spec",
        "useInlineDiffs": false,
        "code": false
      },
      "version": "6.2.1"
    },
    "marge": {
      "options": {
        "id": "default",
        "reportDir": "cypress/reports/mocha",
        "quite": true,
        "overwrite": false,
        "html": false,
        "json": true,
        "code": false,
        "timestamp": "mmddyyyy_HHMMss"
      },
      "version": "5.1.0"
    }
  }
}